2023-12-21T21:16:30.527+05:30  INFO 14860 --- [main] com.example.POCApp.DemoAppApplication    : Starting DemoAppApplication using Java 18.0.1.1 with PID 14860 (D:\POCApp\target\classes started by priyanshu in D:\POCApp)
2023-12-21T21:16:30.533+05:30  INFO 14860 --- [main] com.example.POCApp.DemoAppApplication    : No active profile set, falling back to 1 default profile: "default"
2023-12-21T21:16:33.146+05:30  INFO 14860 --- [main] o.s.b.w.embedded.tomcat.TomcatWebServer  : Tomcat initialized with port 8081 (http)
2023-12-21T21:16:33.166+05:30  INFO 14860 --- [main] o.apache.catalina.core.StandardService   : Starting service [Tomcat]
2023-12-21T21:16:33.167+05:30  INFO 14860 --- [main] o.apache.catalina.core.StandardEngine    : Starting Servlet engine: [Apache Tomcat/10.1.16]
2023-12-21T21:16:33.307+05:30  INFO 14860 --- [main] o.a.c.c.C.[Tomcat].[localhost].[/]       : Initializing Spring embedded WebApplicationContext
2023-12-21T21:16:33.307+05:30  INFO 14860 --- [main] w.s.c.ServletWebServerApplicationContext : Root WebApplicationContext: initialization completed in 2648 ms
2023-12-21T21:16:36.367+05:30  INFO 14860 --- [main] o.s.b.a.e.web.EndpointLinksResolver      : Exposing 1 endpoint(s) beneath base path '/actuator'
2023-12-21T21:16:36.597+05:30  INFO 14860 --- [main] o.s.b.w.embedded.tomcat.TomcatWebServer  : Tomcat started on port 8081 (http) with context path ''
2023-12-21T21:16:36.644+05:30  INFO 14860 --- [main] com.example.POCApp.DemoAppApplication    : Started DemoAppApplication in 7.171 seconds (process running for 8.004)
2023-12-21T21:17:23.674+05:30  INFO 18220 --- [main] com.example.POCApp.DemoAppApplication    : Starting DemoAppApplication using Java 18.0.1.1 with PID 18220 (D:\POCApp\target\classes started by priyanshu in D:\POCApp)
2023-12-21T21:17:23.679+05:30  INFO 18220 --- [main] com.example.POCApp.DemoAppApplication    : No active profile set, falling back to 1 default profile: "default"
2023-12-21T21:17:26.461+05:30  INFO 18220 --- [main] o.s.b.w.embedded.tomcat.TomcatWebServer  : Tomcat initialized with port 8081 (http)
2023-12-21T21:17:26.479+05:30  INFO 18220 --- [main] o.apache.catalina.core.StandardService   : Starting service [Tomcat]
2023-12-21T21:17:26.480+05:30  INFO 18220 --- [main] o.apache.catalina.core.StandardEngine    : Starting Servlet engine: [Apache Tomcat/10.1.16]
2023-12-21T21:17:26.611+05:30  INFO 18220 --- [main] o.a.c.c.C.[Tomcat].[localhost].[/]       : Initializing Spring embedded WebApplicationContext
2023-12-21T21:17:26.612+05:30  INFO 18220 --- [main] w.s.c.ServletWebServerApplicationContext : Root WebApplicationContext: initialization completed in 2788 ms
2023-12-21T21:17:29.087+05:30  INFO 18220 --- [main] o.s.b.a.e.web.EndpointLinksResolver      : Exposing 1 endpoint(s) beneath base path '/actuator'
2023-12-21T21:17:29.226+05:30  INFO 18220 --- [main] o.s.b.w.embedded.tomcat.TomcatWebServer  : Tomcat started on port 8081 (http) with context path ''
2023-12-21T21:17:29.251+05:30  INFO 18220 --- [main] com.example.POCApp.DemoAppApplication    : Started DemoAppApplication in 6.662 seconds (process running for 7.509)
2023-12-21T21:18:03.199+05:30  INFO 5844 --- [main] com.example.POCApp.DemoAppApplication    : Starting DemoAppApplication using Java 18.0.1.1 with PID 5844 (D:\POCApp\target\classes started by priyanshu in D:\POCApp)
2023-12-21T21:18:03.204+05:30  INFO 5844 --- [main] com.example.POCApp.DemoAppApplication    : No active profile set, falling back to 1 default profile: "default"
2023-12-21T21:18:06.480+05:30  INFO 5844 --- [main] o.s.b.w.embedded.tomcat.TomcatWebServer  : Tomcat initialized with port 8081 (http)
2023-12-21T21:18:06.494+05:30  INFO 5844 --- [main] o.apache.catalina.core.StandardService   : Starting service [Tomcat]
2023-12-21T21:18:06.494+05:30  INFO 5844 --- [main] o.apache.catalina.core.StandardEngine    : Starting Servlet engine: [Apache Tomcat/10.1.16]
2023-12-21T21:18:06.675+05:30  INFO 5844 --- [main] o.a.c.c.C.[Tomcat].[localhost].[/]       : Initializing Spring embedded WebApplicationContext
2023-12-21T21:18:06.675+05:30  INFO 5844 --- [main] w.s.c.ServletWebServerApplicationContext : Root WebApplicationContext: initialization completed in 3317 ms
2023-12-21T21:18:09.746+05:30  INFO 5844 --- [main] o.s.b.a.e.web.EndpointLinksResolver      : Exposing 15 endpoint(s) beneath base path '/actuator'
2023-12-21T21:18:09.937+05:30  INFO 5844 --- [main] o.s.b.w.embedded.tomcat.TomcatWebServer  : Tomcat started on port 8081 (http) with context path ''
2023-12-21T21:18:09.973+05:30  INFO 5844 --- [main] com.example.POCApp.DemoAppApplication    : Started DemoAppApplication in 7.942 seconds (process running for 8.935)
2023-12-21T21:19:26.854+05:30  INFO 16768 --- [main] com.example.POCApp.DemoAppApplication    : Starting DemoAppApplication using Java 18.0.1.1 with PID 16768 (D:\POCApp\target\classes started by priyanshu in D:\POCApp)
2023-12-21T21:19:26.860+05:30  INFO 16768 --- [main] com.example.POCApp.DemoAppApplication    : No active profile set, falling back to 1 default profile: "default"
2023-12-21T21:19:29.882+05:30  INFO 16768 --- [main] o.s.b.w.embedded.tomcat.TomcatWebServer  : Tomcat initialized with port 8081 (http)
2023-12-21T21:19:29.902+05:30  INFO 16768 --- [main] o.apache.catalina.core.StandardService   : Starting service [Tomcat]
2023-12-21T21:19:29.903+05:30  INFO 16768 --- [main] o.apache.catalina.core.StandardEngine    : Starting Servlet engine: [Apache Tomcat/10.1.16]
2023-12-21T21:19:30.031+05:30  INFO 16768 --- [main] o.a.c.c.C.[Tomcat].[localhost].[/]       : Initializing Spring embedded WebApplicationContext
2023-12-21T21:19:30.032+05:30  INFO 16768 --- [main] w.s.c.ServletWebServerApplicationContext : Root WebApplicationContext: initialization completed in 3046 ms
2023-12-21T21:19:32.814+05:30  INFO 16768 --- [main] o.s.b.a.e.web.EndpointLinksResolver      : Exposing 15 endpoint(s) beneath base path '/actuator'
2023-12-21T21:19:32.970+05:30  INFO 16768 --- [main] o.s.b.w.embedded.tomcat.TomcatWebServer  : Tomcat started on port 8081 (http) with context path ''
2023-12-21T21:19:32.993+05:30  INFO 16768 --- [main] com.example.POCApp.DemoAppApplication    : Started DemoAppApplication in 7.069 seconds (process running for 7.794)
2023-12-21T21:21:48.267+05:30  INFO 3368 --- [main] com.example.POCApp.DemoAppApplication    : Starting DemoAppApplication using Java 18.0.1.1 with PID 3368 (D:\POCApp\target\classes started by priyanshu in D:\POCApp)
2023-12-21T21:21:48.272+05:30  INFO 3368 --- [main] com.example.POCApp.DemoAppApplication    : No active profile set, falling back to 1 default profile: "default"
2023-12-21T21:21:51.337+05:30  INFO 3368 --- [main] o.s.b.w.embedded.tomcat.TomcatWebServer  : Tomcat initialized with port 8081 (http)
2023-12-21T21:21:51.358+05:30  INFO 3368 --- [main] o.apache.catalina.core.StandardService   : Starting service [Tomcat]
2023-12-21T21:21:51.359+05:30  INFO 3368 --- [main] o.apache.catalina.core.StandardEngine    : Starting Servlet engine: [Apache Tomcat/10.1.16]
2023-12-21T21:21:51.597+05:30  INFO 3368 --- [main] o.a.c.c.C.[Tomcat].[localhost].[/]       : Initializing Spring embedded WebApplicationContext
2023-12-21T21:21:51.598+05:30  INFO 3368 --- [main] w.s.c.ServletWebServerApplicationContext : Root WebApplicationContext: initialization completed in 3194 ms
2023-12-21T21:21:54.470+05:30  INFO 3368 --- [main] o.s.b.a.e.web.EndpointLinksResolver      : Exposing 15 endpoint(s) beneath base path '/actuator'
2023-12-21T21:21:54.606+05:30  INFO 3368 --- [main] o.s.b.w.embedded.tomcat.TomcatWebServer  : Tomcat started on port 8081 (http) with context path ''
2023-12-21T21:21:54.638+05:30  INFO 3368 --- [main] com.example.POCApp.DemoAppApplication    : Started DemoAppApplication in 7.369 seconds (process running for 8.131)
2023-12-21T21:22:15.350+05:30  INFO 15080 --- [main] com.example.POCApp.DemoAppApplication    : Starting DemoAppApplication using Java 18.0.1.1 with PID 15080 (D:\POCApp\target\classes started by priyanshu in D:\POCApp)
2023-12-21T21:22:15.357+05:30  INFO 15080 --- [main] com.example.POCApp.DemoAppApplication    : No active profile set, falling back to 1 default profile: "default"
2023-12-21T21:22:18.407+05:30  INFO 15080 --- [main] o.s.b.w.embedded.tomcat.TomcatWebServer  : Tomcat initialized with port 8081 (http)
2023-12-21T21:22:18.418+05:30  INFO 15080 --- [main] o.apache.catalina.core.StandardService   : Starting service [Tomcat]
2023-12-21T21:22:18.419+05:30  INFO 15080 --- [main] o.apache.catalina.core.StandardEngine    : Starting Servlet engine: [Apache Tomcat/10.1.16]
2023-12-21T21:22:18.576+05:30  INFO 15080 --- [main] o.a.c.c.C.[Tomcat].[localhost].[/]       : Initializing Spring embedded WebApplicationContext
2023-12-21T21:22:18.577+05:30  INFO 15080 --- [main] w.s.c.ServletWebServerApplicationContext : Root WebApplicationContext: initialization completed in 3066 ms
2023-12-21T21:22:21.021+05:30  INFO 15080 --- [main] o.s.b.a.e.web.EndpointLinksResolver      : Exposing 15 endpoint(s) beneath base path '/actuator'
2023-12-21T21:22:21.193+05:30  INFO 15080 --- [main] o.s.b.w.embedded.tomcat.TomcatWebServer  : Tomcat started on port 8081 (http) with context path ''
2023-12-21T21:22:21.223+05:30  INFO 15080 --- [main] com.example.POCApp.DemoAppApplication    : Started DemoAppApplication in 6.882 seconds (process running for 7.634)
2023-12-21T21:23:13.545+05:30  INFO 21836 --- [main] com.example.POCApp.DemoAppApplication    : Starting DemoAppApplication using Java 18.0.1.1 with PID 21836 (D:\POCApp\target\classes started by priyanshu in D:\POCApp)
2023-12-21T21:23:13.550+05:30  INFO 21836 --- [main] com.example.POCApp.DemoAppApplication    : No active profile set, falling back to 1 default profile: "default"
2023-12-21T21:23:16.304+05:30  INFO 21836 --- [main] o.s.b.w.embedded.tomcat.TomcatWebServer  : Tomcat initialized with port 8081 (http)
2023-12-21T21:23:16.316+05:30  INFO 21836 --- [main] o.apache.catalina.core.StandardService   : Starting service [Tomcat]
2023-12-21T21:23:16.316+05:30  INFO 21836 --- [main] o.apache.catalina.core.StandardEngine    : Starting Servlet engine: [Apache Tomcat/10.1.16]
2023-12-21T21:23:16.472+05:30  INFO 21836 --- [main] o.a.c.c.C.[Tomcat].[localhost].[/]       : Initializing Spring embedded WebApplicationContext
2023-12-21T21:23:16.472+05:30  INFO 21836 --- [main] w.s.c.ServletWebServerApplicationContext : Root WebApplicationContext: initialization completed in 2795 ms
2023-12-21T21:23:19.188+05:30  INFO 21836 --- [main] o.s.b.a.e.web.EndpointLinksResolver      : Exposing 15 endpoint(s) beneath base path '/actuator'
2023-12-21T21:23:19.446+05:30  INFO 21836 --- [main] o.s.b.w.embedded.tomcat.TomcatWebServer  : Tomcat started on port 8081 (http) with context path ''
2023-12-21T21:23:19.481+05:30  INFO 21836 --- [main] com.example.POCApp.DemoAppApplication    : Started DemoAppApplication in 6.836 seconds (process running for 7.687)
2023-12-21T21:24:11.875+05:30  INFO 16696 --- [main] com.example.POCApp.DemoAppApplication    : Starting DemoAppApplication using Java 18.0.1.1 with PID 16696 (D:\POCApp\target\classes started by priyanshu in D:\POCApp)
2023-12-21T21:24:11.879+05:30  INFO 16696 --- [main] com.example.POCApp.DemoAppApplication    : No active profile set, falling back to 1 default profile: "default"
2023-12-21T21:24:14.862+05:30  INFO 16696 --- [main] o.s.b.w.embedded.tomcat.TomcatWebServer  : Tomcat initialized with port 8081 (http)
2023-12-21T21:24:14.881+05:30  INFO 16696 --- [main] o.apache.catalina.core.StandardService   : Starting service [Tomcat]
2023-12-21T21:24:14.882+05:30  INFO 16696 --- [main] o.apache.catalina.core.StandardEngine    : Starting Servlet engine: [Apache Tomcat/10.1.16]
2023-12-21T21:24:15.074+05:30  INFO 16696 --- [main] o.a.c.c.C.[Tomcat].[localhost].[/]       : Initializing Spring embedded WebApplicationContext
2023-12-21T21:24:15.075+05:30  INFO 16696 --- [main] w.s.c.ServletWebServerApplicationContext : Root WebApplicationContext: initialization completed in 3064 ms
2023-12-21T21:24:18.388+05:30  INFO 16696 --- [main] o.s.b.a.e.web.EndpointLinksResolver      : Exposing 15 endpoint(s) beneath base path '/actuator'
2023-12-21T21:24:18.547+05:30  INFO 16696 --- [main] o.s.b.w.embedded.tomcat.TomcatWebServer  : Tomcat started on port 8081 (http) with context path ''
2023-12-21T21:24:18.576+05:30  INFO 16696 --- [main] com.example.POCApp.DemoAppApplication    : Started DemoAppApplication in 7.642 seconds (process running for 8.366)
2023-12-21T21:26:20.693+05:30  INFO 11040 --- [main] com.example.POCApp.DemoAppApplication    : Starting DemoAppApplication using Java 18.0.1.1 with PID 11040 (D:\POCApp\target\classes started by priyanshu in D:\POCApp)
2023-12-21T21:26:20.698+05:30  INFO 11040 --- [main] com.example.POCApp.DemoAppApplication    : No active profile set, falling back to 1 default profile: "default"
2023-12-21T21:26:23.736+05:30  INFO 11040 --- [main] o.s.b.w.embedded.tomcat.TomcatWebServer  : Tomcat initialized with port 8081 (http)
2023-12-21T21:26:23.751+05:30  INFO 11040 --- [main] o.apache.catalina.core.StandardService   : Starting service [Tomcat]
2023-12-21T21:26:23.751+05:30  INFO 11040 --- [main] o.apache.catalina.core.StandardEngine    : Starting Servlet engine: [Apache Tomcat/10.1.16]
2023-12-21T21:26:23.880+05:30  INFO 11040 --- [main] o.a.c.c.C.[Tomcat].[localhost].[/]       : Initializing Spring embedded WebApplicationContext
2023-12-21T21:26:23.881+05:30  INFO 11040 --- [main] w.s.c.ServletWebServerApplicationContext : Root WebApplicationContext: initialization completed in 3052 ms
2023-12-21T21:26:26.492+05:30  INFO 11040 --- [main] o.s.b.a.e.web.EndpointLinksResolver      : Exposing 15 endpoint(s) beneath base path '/actuator'
2023-12-21T21:26:26.648+05:30  INFO 11040 --- [main] o.s.b.w.embedded.tomcat.TomcatWebServer  : Tomcat started on port 8081 (http) with context path ''
2023-12-21T21:26:26.671+05:30  INFO 11040 --- [main] com.example.POCApp.DemoAppApplication    : Started DemoAppApplication in 6.921 seconds (process running for 7.677)
